{"/Users/dbraley/source/sublist-kata/sublist.js": {"path":"/Users/dbraley/source/sublist-kata/sublist.js","statementMap":{"0":{"start":{"line":3,"column":8},"end":{"line":3,"column":37}},"1":{"start":{"line":4,"column":8},"end":{"line":4,"column":42}},"2":{"start":{"line":7,"column":8},"end":{"line":7,"column":98}},"3":{"start":{"line":7,"column":48},"end":{"line":7,"column":72}},"4":{"start":{"line":10,"column":8},"end":{"line":29,"column":9}},"5":{"start":{"line":11,"column":12},"end":{"line":11,"column":90}},"6":{"start":{"line":11,"column":73},"end":{"line":11,"column":90}},"7":{"start":{"line":12,"column":12},"end":{"line":12,"column":27}},"8":{"start":{"line":13,"column":15},"end":{"line":29,"column":9}},"9":{"start":{"line":14,"column":12},"end":{"line":18,"column":13}},"10":{"start":{"line":15,"column":16},"end":{"line":17,"column":17}},"11":{"start":{"line":16,"column":20},"end":{"line":16,"column":37}},"12":{"start":{"line":19,"column":12},"end":{"line":19,"column":29}},"13":{"start":{"line":23,"column":12},"end":{"line":27,"column":13}},"14":{"start":{"line":24,"column":16},"end":{"line":26,"column":17}},"15":{"start":{"line":25,"column":20},"end":{"line":25,"column":39}},"16":{"start":{"line":28,"column":12},"end":{"line":28,"column":29}}},"fnMap":{"0":{"name":"(anonymous_0)","decl":{"start":{"line":2,"column":4},"end":{"line":2,"column":5}},"loc":{"start":{"line":2,"column":25},"end":{"line":5,"column":5}},"line":2},"1":{"name":"(anonymous_1)","decl":{"start":{"line":6,"column":4},"end":{"line":6,"column":5}},"loc":{"start":{"line":6,"column":33},"end":{"line":8,"column":5}},"line":6},"2":{"name":"(anonymous_2)","decl":{"start":{"line":7,"column":28},"end":{"line":7,"column":29}},"loc":{"start":{"line":7,"column":48},"end":{"line":7,"column":72}},"line":7},"3":{"name":"(anonymous_3)","decl":{"start":{"line":9,"column":4},"end":{"line":9,"column":5}},"loc":{"start":{"line":9,"column":25},"end":{"line":30,"column":5}},"line":9}},"branchMap":{"0":{"loc":{"start":{"line":3,"column":23},"end":{"line":3,"column":36}},"type":"binary-expr","locations":[{"start":{"line":3,"column":23},"end":{"line":3,"column":30}},{"start":{"line":3,"column":34},"end":{"line":3,"column":36}}],"line":3},"1":{"loc":{"start":{"line":10,"column":8},"end":{"line":29,"column":9}},"type":"if","locations":[{"start":{"line":10,"column":8},"end":{"line":29,"column":9}},{"start":{"line":10,"column":8},"end":{"line":29,"column":9}}],"line":10},"2":{"loc":{"start":{"line":11,"column":12},"end":{"line":11,"column":90}},"type":"if","locations":[{"start":{"line":11,"column":12},"end":{"line":11,"column":90}},{"start":{"line":11,"column":12},"end":{"line":11,"column":90}}],"line":11},"3":{"loc":{"start":{"line":13,"column":15},"end":{"line":29,"column":9}},"type":"if","locations":[{"start":{"line":13,"column":15},"end":{"line":29,"column":9}},{"start":{"line":13,"column":15},"end":{"line":29,"column":9}}],"line":13},"4":{"loc":{"start":{"line":15,"column":16},"end":{"line":17,"column":17}},"type":"if","locations":[{"start":{"line":15,"column":16},"end":{"line":17,"column":17}},{"start":{"line":15,"column":16},"end":{"line":17,"column":17}}],"line":15},"5":{"loc":{"start":{"line":24,"column":16},"end":{"line":26,"column":17}},"type":"if","locations":[{"start":{"line":24,"column":16},"end":{"line":26,"column":17}},{"start":{"line":24,"column":16},"end":{"line":26,"column":17}}],"line":24}},"s":{"0":34,"1":34,"2":36,"3":90,"4":17,"5":4,"6":2,"7":2,"8":13,"9":7,"10":19,"11":6,"12":1,"13":6,"14":13,"15":4,"16":2},"f":{"0":34,"1":36,"2":90,"3":17},"b":{"0":[34,4],"1":[4,13],"2":[2,2],"3":[7,6],"4":[6,13],"5":[4,9]},"_coverageSchema":"332fd63041d2c1bcb487cc26dd0d5f7d97098a6c","hash":"7b55d2668f305487ba0d086fb7205c24cbcf84d5"}
}
