{"/Users/mmorgan/exercism-repos/ecmascript/exercises/sublist/sublist.js": {"path":"/Users/mmorgan/exercism-repos/ecmascript/exercises/sublist/sublist.js","statementMap":{"0":{"start":{"line":4,"column":8},"end":{"line":4,"column":25}},"1":{"start":{"line":8,"column":8},"end":{"line":18,"column":35}},"2":{"start":{"line":23,"column":4},"end":{"line":23,"column":64}},"3":{"start":{"line":27,"column":4},"end":{"line":27,"column":40}}},"fnMap":{"0":{"name":"(anonymous_0)","decl":{"start":{"line":3,"column":4},"end":{"line":3,"column":5}},"loc":{"start":{"line":3,"column":27},"end":{"line":5,"column":5}},"line":3},"1":{"name":"(anonymous_1)","decl":{"start":{"line":7,"column":4},"end":{"line":7,"column":5}},"loc":{"start":{"line":7,"column":19},"end":{"line":19,"column":5}},"line":7},"2":{"name":"lengthDiff","decl":{"start":{"line":22,"column":9},"end":{"line":22,"column":19}},"loc":{"start":{"line":22,"column":29},"end":{"line":24,"column":1}},"line":22},"3":{"name":"isSublist","decl":{"start":{"line":26,"column":9},"end":{"line":26,"column":18}},"loc":{"start":{"line":26,"column":28},"end":{"line":28,"column":1}},"line":26}},"branchMap":{"0":{"loc":{"start":{"line":3,"column":16},"end":{"line":3,"column":25}},"type":"default-arg","locations":[{"start":{"line":3,"column":23},"end":{"line":3,"column":25}}],"line":3},"1":{"loc":{"start":{"line":9,"column":18},"end":{"line":11,"column":27}},"type":"cond-expr","locations":[{"start":{"line":10,"column":18},"end":{"line":10,"column":27}},{"start":{"line":11,"column":18},"end":{"line":11,"column":27}}],"line":9},"2":{"loc":{"start":{"line":12,"column":18},"end":{"line":14,"column":27}},"type":"cond-expr","locations":[{"start":{"line":13,"column":18},"end":{"line":13,"column":25}},{"start":{"line":14,"column":18},"end":{"line":14,"column":27}}],"line":12},"3":{"loc":{"start":{"line":15,"column":18},"end":{"line":17,"column":27}},"type":"cond-expr","locations":[{"start":{"line":16,"column":18},"end":{"line":16,"column":29}},{"start":{"line":17,"column":18},"end":{"line":17,"column":27}}],"line":15}},"s":{"0":2,"1":1,"2":1,"3":3},"f":{"0":2,"1":1,"2":1,"3":3},"b":{"0":[2],"1":[1,0],"2":[1,0],"3":[1,0]},"_coverageSchema":"332fd63041d2c1bcb487cc26dd0d5f7d97098a6c","hash":"f49a908826b0eff9eb7d473a61ae4ace7c9a011b"}
}
