TN:
SF:/Users/dbraley/source/sublist-kata/sublist.js
FN:2,(anonymous_0)
FN:6,(anonymous_1)
FN:7,(anonymous_2)
FN:9,(anonymous_3)
FNF:4
FNH:4
FNDA:34,(anonymous_0)
FNDA:36,(anonymous_1)
FNDA:90,(anonymous_2)
FNDA:17,(anonymous_3)
DA:3,34
DA:4,34
DA:7,90
DA:10,17
DA:11,4
DA:12,2
DA:13,13
DA:14,7
DA:15,19
DA:16,6
DA:19,1
DA:23,6
DA:24,13
DA:25,4
DA:28,2
LF:15
LH:15
BRDA:3,0,0,34
BRDA:3,0,1,4
BRDA:10,1,0,4
BRDA:10,1,1,13
BRDA:11,2,0,2
BRDA:11,2,1,2
BRDA:13,3,0,7
BRDA:13,3,1,6
BRDA:15,4,0,6
BRDA:15,4,1,13
BRDA:24,5,0,4
BRDA:24,5,1,9
BRF:12
BRH:12
end_of_record
