TN:
SF:/Users/dbraley/source/sublist-kata/sublist.js
FN:2,(anonymous_0)
FN:6,(anonymous_1)
FN:7,(anonymous_2)
FN:9,(anonymous_3)
FNF:4
FNH:4
FNDA:28,(anonymous_0)
FNDA:22,(anonymous_1)
FNDA:58,(anonymous_2)
FNDA:14,(anonymous_3)
DA:3,28
DA:4,28
DA:7,58
DA:10,14
DA:11,3
DA:12,2
DA:13,11
DA:14,7
DA:15,19
DA:16,6
DA:19,1
DA:23,4
LF:12
LH:12
BRDA:3,0,0,28
BRDA:3,0,1,4
BRDA:10,1,0,3
BRDA:10,1,1,11
BRDA:11,2,0,1
BRDA:11,2,1,2
BRDA:13,3,0,7
BRDA:13,3,1,4
BRDA:15,4,0,6
BRDA:15,4,1,13
BRF:10
BRH:10
end_of_record
